# JRE version: Java(TM) SE Runtime Environment (8.0_91-b14) (build 1.8.0_91-b14)
# Java VM: Java HotSpot(TM) 64-Bit Server VM (25.91-b14 mixed mode windows-amd64 compressed oops)
Heap:
 PSYoungGen      total 606208K, used 161345K [0x0000000780000000, 0x00000007a6e80000, 0x00000007c0000000)
  eden space 593920K, 25% used [0x0000000780000000,0x0000000789190aa0,0x00000007a4400000)
  from space 12288K, 99% used [0x00000007a4400000,0x00000007a4fffd48,0x00000007a5000000)
  to   space 16384K, 0% used [0x00000007a5e80000,0x00000007a5e80000,0x00000007a6e80000)
 ParOldGen       total 121344K, used 20913K [0x0000000700000000, 0x0000000707680000, 0x0000000780000000)
  object space 121344K, 17% used [0x0000000700000000,0x000000070146c730,0x0000000707680000)
 Metaspace       used 54772K, capacity 57156K, committed 57344K, reserved 1099776K
  class space    used 6419K, capacity 6857K, committed 6912K, reserved 1048576K
GC Heap History (10 events):
Event: 20.373 GC heap before
{Heap before GC invocations=7 (full 1):
 PSYoungGen      total 204800K, used 196608K [0x0000000780000000, 0x0000000799300000, 0x00000007c0000000)
  eden space 196608K, 100% used [0x0000000780000000,0x000000078c000000,0x000000078c000000)
  from space 8192K, 0% used [0x000000078c000000,0x000000078c000000,0x000000078c800000)
  to   space 9728K, 0% used [0x0000000798980000,0x0000000798980000,0x0000000799300000)
 ParOldGen       total 69120K, used 7361K [0x0000000700000000, 0x0000000704380000, 0x0000000780000000)
  object space 69120K, 10% used [0x0000000700000000,0x00000007007305e0,0x0000000704380000)
 Metaspace       used 26809K, capacity 28224K, committed 28416K, reserved 1075200K
  class space    used 3171K, capacity 3459K, committed 3584K, reserved 1048576K
Event: 20.392 GC heap after
Heap after GC invocations=7 (full 1):
 PSYoungGen      total 344576K, used 5299K [0x0000000780000000, 0x0000000798f00000, 0x00000007c0000000)
  eden space 338944K, 0% used [0x0000000780000000,0x0000000780000000,0x0000000794b00000)
  from space 5632K, 94% used [0x0000000798980000,0x0000000798eacf50,0x0000000798f00000)
  to   space 9216K, 0% used [0x0000000797d00000,0x0000000797d00000,0x0000000798600000)
 ParOldGen       total 69120K, used 7433K [0x0000000700000000, 0x0000000704380000, 0x0000000780000000)
  object space 69120K, 10% used [0x0000000700000000,0x00000007007425f0,0x0000000704380000)
 Metaspace       used 26809K, capacity 28224K, committed 28416K, reserved 1075200K
  class space    used 3171K, capacity 3459K, committed 3584K, reserved 1048576K
}
Event: 23.344 GC heap before
{Heap before GC invocations=8 (full 1):
 PSYoungGen      total 344576K, used 301605K [0x0000000780000000, 0x0000000798f00000, 0x00000007c0000000)
  eden space 338944K, 87% used [0x0000000780000000,0x000000079215c718,0x0000000794b00000)
  from space 5632K, 94% used [0x0000000798980000,0x0000000798eacf50,0x0000000798f00000)
  to   space 9216K, 0% used [0x0000000797d00000,0x0000000797d00000,0x0000000798600000)
 ParOldGen       total 69120K, used 7433K [0x0000000700000000, 0x0000000704380000, 0x0000000780000000)
  object space 69120K, 10% used [0x0000000700000000,0x00000007007425f0,0x0000000704380000)
 Metaspace       used 33690K, capacity 35378K, committed 35496K, reserved 1081344K
  class space    used 3938K, capacity 4292K, committed 4352K, reserved 1048576K
Event: 23.399 GC heap after
Heap after GC invocations=8 (full 1):
 PSYoungGen      total 399360K, used 9192K [0x0000000780000000, 0x00000007a5c00000, 0x00000007c0000000)
  eden space 390144K, 0% used [0x0000000780000000,0x0000000780000000,0x0000000797d00000)
  from space 9216K, 99% used [0x0000000797d00000,0x00000007985fa238,0x0000000798600000)
  to   space 10752K, 0% used [0x00000007a5180000,0x00000007a5180000,0x00000007a5c00000)
 ParOldGen       total 69120K, used 7844K [0x0000000700000000, 0x0000000704380000, 0x0000000780000000)
  object space 69120K, 11% used [0x0000000700000000,0x00000007007a9268,0x0000000704380000)
 Metaspace       used 33690K, capacity 35378K, committed 35496K, reserved 1081344K
  class space    used 3938K, capacity 4292K, committed 4352K, reserved 1048576K
}
Event: 23.399 GC heap before
{Heap before GC invocations=9 (full 2):
 PSYoungGen      total 399360K, used 9192K [0x0000000780000000, 0x00000007a5c00000, 0x00000007c0000000)
  eden space 390144K, 0% used [0x0000000780000000,0x0000000780000000,0x0000000797d00000)
  from space 9216K, 99% used [0x0000000797d00000,0x00000007985fa238,0x0000000798600000)
  to   space 10752K, 0% used [0x00000007a5180000,0x00000007a5180000,0x00000007a5c00000)
 ParOldGen       total 69120K, used 7844K [0x0000000700000000, 0x0000000704380000, 0x0000000780000000)
  object space 69120K, 11% used [0x0000000700000000,0x00000007007a9268,0x0000000704380000)
 Metaspace       used 33690K, capacity 35378K, committed 35496K, reserved 1081344K
  class space    used 3938K, capacity 4292K, committed 4352K, reserved 1048576K
Event: 23.800 GC heap after
Heap after GC invocations=9 (full 2):
 PSYoungGen      total 399360K, used 0K [0x0000000780000000, 0x00000007a5c00000, 0x00000007c0000000)
  eden space 390144K, 0% used [0x0000000780000000,0x0000000780000000,0x0000000797d00000)
  from space 9216K, 0% used [0x0000000797d00000,0x0000000797d00000,0x0000000798600000)
  to   space 10752K, 0% used [0x00000007a5180000,0x00000007a5180000,0x00000007a5c00000)
 ParOldGen       total 121344K, used 14896K [0x0000000700000000, 0x0000000707680000, 0x0000000780000000)
  object space 121344K, 12% used [0x0000000700000000,0x0000000700e8c1e0,0x0000000707680000)
 Metaspace       used 33690K, capacity 35378K, committed 35496K, reserved 1081344K
  class space    used 3938K, capacity 4292K, committed 4352K, reserved 1048576K
}
Event: 30.067 GC heap before
{Heap before GC invocations=10 (full 2):
 PSYoungGen      total 399360K, used 390144K [0x0000000780000000, 0x00000007a5c00000, 0x00000007c0000000)
  eden space 390144K, 100% used [0x0000000780000000,0x0000000797d00000,0x0000000797d00000)
  from space 9216K, 0% used [0x0000000797d00000,0x0000000797d00000,0x0000000798600000)
  to   space 10752K, 0% used [0x00000007a5180000,0x00000007a5180000,0x00000007a5c00000)
 ParOldGen       total 121344K, used 14896K [0x0000000700000000, 0x0000000707680000, 0x0000000780000000)
  object space 121344K, 12% used [0x0000000700000000,0x0000000700e8c1e0,0x0000000707680000)
 Metaspace       used 40184K, capacity 42226K, committed 42496K, reserved 1087488K
  class space    used 4662K, capacity 5064K, committed 5120K, reserved 1048576K
Event: 30.112 GC heap after
Heap after GC invocations=10 (full 2):
 PSYoungGen      total 502784K, used 10743K [0x0000000780000000, 0x00000007a5c00000, 0x00000007c0000000)
  eden space 492032K, 0% used [0x0000000780000000,0x0000000780000000,0x000000079e080000)
  from space 10752K, 99% used [0x00000007a5180000,0x00000007a5bfdf90,0x00000007a5c00000)
  to   space 12288K, 0% used [0x00000007a4400000,0x00000007a4400000,0x00000007a5000000)
 ParOldGen       total 121344K, used 14950K [0x0000000700000000, 0x0000000707680000, 0x0000000780000000)
  object space 121344K, 12% used [0x0000000700000000,0x0000000700e998a0,0x0000000707680000)
 Metaspace       used 40184K, capacity 42226K, committed 42496K, reserved 1087488K
  class space    used 4662K, capacity 5064K, committed 5120K, reserved 1048576K
}
Event: 37.142 GC heap before
{Heap before GC invocations=11 (full 2):
 PSYoungGen      total 502784K, used 502775K [0x0000000780000000, 0x00000007a5c00000, 0x00000007c0000000)
  eden space 492032K, 100% used [0x0000000780000000,0x000000079e080000,0x000000079e080000)
  from space 10752K, 99% used [0x00000007a5180000,0x00000007a5bfdf90,0x00000007a5c00000)
  to   space 12288K, 0% used [0x00000007a4400000,0x00000007a4400000,0x00000007a5000000)
 ParOldGen       total 121344K, used 14950K [0x0000000700000000, 0x0000000707680000, 0x0000000780000000)
  object space 121344K, 12% used [0x0000000700000000,0x0000000700e998a0,0x0000000707680000)
 Metaspace       used 51679K, capacity 54028K, committed 54400K, reserved 1097728K
  class space    used 5984K, capacity 6425K, committed 6528K, reserved 1048576K
Event: 37.448 GC heap after
Heap after GC invocations=11 (full 2):
 PSYoungGen      total 606208K, used 12287K [0x0000000780000000, 0x00000007a6e80000, 0x00000007c0000000)
  eden space 593920K, 0% used [0x0000000780000000,0x0000000780000000,0x00000007a4400000)
  from space 12288K, 99% used [0x00000007a4400000,0x00000007a4fffd48,0x00000007a5000000)
  to   space 16384K, 0% used [0x00000007a5e80000,0x00000007a5e80000,0x00000007a6e80000)
 ParOldGen       total 121344K, used 20913K [0x0000000700000000, 0x0000000707680000, 0x0000000780000000)
  object space 121344K, 17% used [0x0000000700000000,0x000000070146c730,0x0000000707680000)
 Metaspace       used 51679K, capacity 54028K, committed 54400K, reserved 1097728K
  class space    used 5984K, capacity 6425K, committed 6528K, reserved 1048576K
}

